<?xml version="1.0" encoding="UTF-8"?>
<!-- Generated by org.testng.reporters.JUnitXMLReporter -->
<testsuite ignored="0" hostname="DESKTOP-OKLFDOT" failures="0" tests="4" name="Default test" time="10.813" errors="0" timestamp="2023-03-11T21:26:59 IST">
  <testcase classname="com.restfulbooker.tests.CreateBookingTest" name="waitToLoad" time="0.256"/>
  <testcase classname="com.restfulbooker.tests.CreateBookingTest" name="verDefaultMonth" time="0.442"/>
  <testcase classname="com.restfulbooker.tests.CreateBookingTest" name="verDefaultDate" time="0.091"/>
  <testcase classname="com.restfulbooker.tests.CreateBookingTest" name="roomBooking" time="0.003"/>
</testsuite> <!-- Default test -->
