<?xml version="1.0" encoding="UTF-8"?>
<testng-results ignored="0" total="4" passed="4" failed="0" skipped="0">
  <reporter-output>
  </reporter-output>
  <suite started-at="2023-03-11T21:26:46 IST" name="Default suite" finished-at="2023-03-11T21:26:57 IST" duration-ms="10813">
    <groups>
    </groups>
    <test started-at="2023-03-11T21:26:46 IST" name="Default test" finished-at="2023-03-11T21:26:57 IST" duration-ms="10813">
      <class name="com.restfulbooker.tests.CreateBookingTest">
        <test-method is-config="true" signature="beforeTest()[pri:0, instance:com.restfulbooker.tests.CreateBookingTest@6124287a]" started-at="2023-03-11T21:26:46 IST" name="beforeTest" finished-at="2023-03-11T21:26:56 IST" duration-ms="9776" status="PASS">
          <reporter-output>
          </reporter-output>
        </test-method> <!-- beforeTest -->
        <test-method signature="waitToLoad()[pri:0, instance:com.restfulbooker.tests.CreateBookingTest@6124287a]" started-at="2023-03-11T21:26:56 IST" name="waitToLoad" finished-at="2023-03-11T21:26:57 IST" duration-ms="256" status="PASS">
          <reporter-output>
          </reporter-output>
        </test-method> <!-- waitToLoad -->
        <test-method signature="verDefaultMonth()[pri:1, instance:com.restfulbooker.tests.CreateBookingTest@6124287a]" started-at="2023-03-11T21:26:57 IST" name="verDefaultMonth" finished-at="2023-03-11T21:26:57 IST" duration-ms="442" status="PASS">
          <reporter-output>
          </reporter-output>
        </test-method> <!-- verDefaultMonth -->
        <test-method signature="verDefaultDate()[pri:2, instance:com.restfulbooker.tests.CreateBookingTest@6124287a]" started-at="2023-03-11T21:26:57 IST" name="verDefaultDate" finished-at="2023-03-11T21:26:57 IST" duration-ms="91" status="PASS">
          <reporter-output>
          </reporter-output>
        </test-method> <!-- verDefaultDate -->
        <test-method signature="roomBooking()[pri:3, instance:com.restfulbooker.tests.CreateBookingTest@6124287a]" started-at="2023-03-11T21:26:57 IST" name="roomBooking" finished-at="2023-03-11T21:26:57 IST" duration-ms="3" status="PASS">
          <reporter-output>
          </reporter-output>
        </test-method> <!-- roomBooking -->
        <test-method is-config="true" signature="afterTest()[pri:0, instance:com.restfulbooker.tests.CreateBookingTest@6124287a]" started-at="2023-03-11T21:26:57 IST" name="afterTest" finished-at="2023-03-11T21:26:57 IST" duration-ms="2" status="PASS">
          <reporter-output>
          </reporter-output>
        </test-method> <!-- afterTest -->
      </class> <!-- com.restfulbooker.tests.CreateBookingTest -->
    </test> <!-- Default test -->
  </suite> <!-- Default suite -->
</testng-results>
